<?xml version="1.0" encoding="UTF-8"?>
<!-- Generated by org.testng.reporters.JUnitReportReporter -->
<testsuite hostname="Karishma" failures="0" tests="1" name="com.mohs10.scripts.HomeTest" time="13.929" errors="0" timestamp="2023-03-28T23:52:08 IST" skipped="0">
  <testcase classname="com.mohs10.scripts.HomeTest" name="CategoriesTest" time="13.929"/>
  <system-out/>
</testsuite> <!-- com.mohs10.scripts.HomeTest -->
